TN:
SF:routes\auth.js
FN:9,(anonymous_0)
FN:28,(anonymous_1)
FN:44,(anonymous_2)
FNF:3
FNH:0
FNDA:0,(anonymous_0)
FNDA:0,(anonymous_1)
FNDA:0,(anonymous_2)
DA:6,0
DA:9,0
DA:10,0
DA:11,0
DA:13,0
DA:14,0
DA:16,0
DA:17,0
DA:20,0
DA:21,0
DA:23,0
DA:28,0
DA:29,0
DA:30,0
DA:32,0
DA:33,0
DA:36,0
DA:37,0
DA:39,0
DA:44,0
DA:45,0
DA:46,0
DA:47,0
DA:48,0
DA:50,0
DA:52,0
LF:26
LH:0
BRDA:13,0,0,0
BRDA:13,0,1,0
BRDA:13,1,0,0
BRDA:13,1,1,0
BRDA:13,1,2,0
BRDA:16,2,0,0
BRDA:16,2,1,0
BRDA:23,3,0,0
BRDA:23,3,1,0
BRDA:23,4,0,0
BRDA:23,4,1,0
BRDA:32,5,0,0
BRDA:32,5,1,0
BRDA:32,6,0,0
BRDA:32,6,1,0
BRDA:39,7,0,0
BRDA:39,7,1,0
BRDA:39,8,0,0
BRDA:39,8,1,0
BRDA:47,9,0,0
BRDA:47,9,1,0
BRF:21
BRH:0
end_of_record
TN:
SF:routes\export-pdf.js
FN:7,(anonymous_0)
FNF:1
FNH:0
FNDA:0,(anonymous_0)
DA:4,0
DA:7,0
DA:8,0
DA:10,0
DA:11,0
DA:20,0
DA:21,0
DA:22,0
DA:24,0
DA:25,0
DA:29,0
DA:30,0
DA:35,0
DA:39,0
DA:41,0
DA:47,0
DA:52,0
DA:54,0
DA:55,0
DA:57,0
LF:20
LH:0
BRDA:10,0,0,0
BRDA:10,0,1,0
BRDA:21,1,0,0
BRDA:21,1,1,0
BRDA:22,2,0,0
BRDA:22,2,1,0
BRDA:22,2,2,0
BRDA:24,3,0,0
BRDA:24,3,1,0
BRDA:54,4,0,0
BRDA:54,4,1,0
BRDA:57,5,0,0
BRDA:57,5,1,0
BRF:13
BRH:0
end_of_record
TN:
SF:routes\generate.js
FN:11,(anonymous_0)
FN:76,(anonymous_1)
FNF:2
FNH:0
FNDA:0,(anonymous_0)
FNDA:0,(anonymous_1)
DA:8,0
DA:11,0
DA:12,0
DA:18,0
DA:20,0
DA:21,0
DA:27,0
DA:28,0
DA:31,0
DA:32,0
DA:37,0
DA:39,0
DA:40,0
DA:47,0
DA:48,0
DA:50,0
DA:55,0
DA:74,0
DA:76,0
DA:77,0
DA:83,0
LF:21
LH:0
BRDA:20,0,0,0
BRDA:20,0,1,0
BRDA:27,1,0,0
BRDA:27,1,1,0
BRDA:27,2,0,0
BRDA:27,2,1,0
BRDA:32,3,0,0
BRDA:32,3,1,0
BRDA:39,4,0,0
BRDA:39,4,1,0
BRDA:63,5,0,0
BRDA:63,5,1,0
BRDA:64,6,0,0
BRDA:64,6,1,0
BRDA:64,7,0,0
BRDA:64,7,1,0
BRDA:74,8,0,0
BRDA:74,8,1,0
BRDA:74,9,0,0
BRDA:74,9,1,0
BRDA:79,10,0,0
BRDA:79,10,1,0
BRF:22
BRH:0
end_of_record
TN:
SF:sandbox\services\dockerRunner.js
FN:15,assertSafeSandboxId
FN:36,getOrCreateDockerToken
FN:60,resolveSandboxDir
FN:68,isPortFree
FN:69,(anonymous_4)
FN:72,(anonymous_5)
FN:73,(anonymous_6)
FN:74,(anonymous_7)
FN:80,findFreePort
FN:91,isContainerRunning
FN:108,getContainerPort
FN:125,cleanupOldSandboxes
FN:139,(anonymous_12)
FN:141,(anonymous_13)
FN:144,(anonymous_14)
FN:161,buildSandboxImage
FN:183,runSandboxContainer
FN:187,(anonymous_17)
FN:218,launchSandbox
FN:244,(anonymous_19)
FNF:20
FNH:0
FNDA:0,assertSafeSandboxId
FNDA:0,getOrCreateDockerToken
FNDA:0,resolveSandboxDir
FNDA:0,isPortFree
FNDA:0,(anonymous_4)
FNDA:0,(anonymous_5)
FNDA:0,(anonymous_6)
FNDA:0,(anonymous_7)
FNDA:0,findFreePort
FNDA:0,isContainerRunning
FNDA:0,getContainerPort
FNDA:0,cleanupOldSandboxes
FNDA:0,(anonymous_12)
FNDA:0,(anonymous_13)
FNDA:0,(anonymous_14)
FNDA:0,buildSandboxImage
FNDA:0,runSandboxContainer
FNDA:0,(anonymous_17)
FNDA:0,launchSandbox
FNDA:0,(anonymous_19)
DA:7,0
DA:9,0
DA:10,0
DA:13,0
DA:16,0
DA:17,0
DA:34,0
DA:37,0
DA:38,0
DA:39,0
DA:42,0
DA:43,0
DA:45,0
DA:61,0
DA:62,0
DA:69,0
DA:70,0
DA:72,0
DA:74,0
DA:81,0
DA:82,0
DA:84,0
DA:92,0
DA:93,0
DA:99,0
DA:101,0
DA:109,0
DA:114,0
DA:115,0
DA:116,0
DA:118,0
DA:126,0
DA:127,0
DA:137,0
DA:139,0
DA:141,0
DA:143,0
DA:144,0
DA:146,0
DA:148,0
DA:149,0
DA:162,0
DA:163,0
DA:164,0
DA:166,0
DA:172,0
DA:184,0
DA:185,0
DA:187,0
DA:190,0
DA:194,0
DA:196,0
DA:210,0
DA:219,0
DA:221,0
DA:222,0
DA:223,0
DA:225,0
DA:226,0
DA:227,0
DA:233,0
DA:234,0
DA:244,0
DA:247,0
DA:250,0
DA:251,0
DA:253,0
LF:67
LH:0
BRDA:16,0,0,0
BRDA:16,0,1,0
BRDA:16,1,0,0
BRDA:16,1,1,0
BRDA:39,2,0,0
BRDA:39,2,1,0
BRDA:82,3,0,0
BRDA:82,3,1,0
BRDA:115,4,0,0
BRDA:115,4,1,0
BRDA:190,5,0,0
BRDA:190,5,1,0
BRDA:190,6,0,0
BRDA:190,6,1,0
BRDA:218,7,0,0
BRDA:219,8,0,0
BRDA:225,9,0,0
BRDA:225,9,1,0
BRDA:227,10,0,0
BRDA:227,10,1,0
BRF:20
BRH:0
end_of_record
TN:
SF:sandbox\services\fileWriter.js
FN:14,isPathSafe
FN:34,writeSandboxFiles
FN:64,copyTemplateFiles
FNF:3
FNH:0
FNDA:0,isPathSafe
FNDA:0,writeSandboxFiles
FNDA:0,copyTemplateFiles
DA:15,0
DA:16,0
DA:37,0
DA:40,0
DA:42,0
DA:43,0
DA:44,0
DA:47,0
DA:48,0
DA:51,0
DA:54,0
DA:57,0
DA:65,0
DA:66,0
LF:14
LH:0
BRDA:16,0,0,0
BRDA:16,0,1,0
BRDA:43,1,0,0
BRDA:43,1,1,0
BRF:4
BRH:0
end_of_record
TN:
SF:services\authService.js
FN:8,generateToken
FN:16,toPublicUser
FN:20,registerUser
FN:34,loginUser
FNF:4
FNH:0
FNDA:0,generateToken
FNDA:0,toPublicUser
FNDA:0,registerUser
FNDA:0,loginUser
DA:5,0
DA:6,0
DA:9,0
DA:17,0
DA:21,0
DA:22,0
DA:23,0
DA:24,0
DA:25,0
DA:28,0
DA:29,0
DA:31,0
DA:35,0
DA:36,0
DA:37,0
DA:38,0
DA:39,0
DA:42,0
DA:43,0
DA:44,0
DA:45,0
DA:46,0
DA:49,0
LF:23
LH:0
BRDA:22,0,0,0
BRDA:22,0,1,0
BRDA:36,1,0,0
BRDA:36,1,1,0
BRDA:43,2,0,0
BRDA:43,2,1,0
BRF:6
BRH:0
end_of_record
TN:
SF:services\groqService.js
FN:100,getMimeType
FN:105,isTextMime
FN:107,(anonymous_2)
FN:110,decodeTextFile
FN:156,buildPrompt
FN:165,(anonymous_5)
FN:221,cleanRawOutput
FN:245,isPathSafe
FN:252,validateGeneratedResult
FN:285,callGroq
FN:323,generateCode
FNF:11
FNH:0
FNDA:0,getMimeType
FNDA:0,isTextMime
FNDA:0,(anonymous_2)
FNDA:0,decodeTextFile
FNDA:0,buildPrompt
FNDA:0,(anonymous_5)
FNDA:0,cleanRawOutput
FNDA:0,isPathSafe
FNDA:0,validateGeneratedResult
FNDA:0,callGroq
FNDA:0,generateCode
DA:3,0
DA:8,0
DA:13,0
DA:14,0
DA:19,0
DA:91,0
DA:93,0
DA:101,0
DA:102,0
DA:106,0
DA:107,0
DA:111,0
DA:112,0
DA:113,0
DA:115,0
DA:116,0
DA:117,0
DA:118,0
DA:120,0
DA:127,0
DA:157,0
DA:161,0
DA:165,0
DA:175,0
DA:176,0
DA:177,0
DA:179,0
DA:180,0
DA:181,0
DA:182,0
DA:183,0
DA:186,0
DA:188,0
DA:191,0
DA:193,0
DA:209,0
DA:222,0
DA:233,0
DA:246,0
DA:247,0
DA:248,0
DA:249,0
DA:253,0
DA:254,0
DA:257,0
DA:258,0
DA:261,0
DA:262,0
DA:264,0
DA:265,0
DA:268,0
DA:269,0
DA:270,0
DA:272,0
DA:273,0
DA:274,0
DA:279,0
DA:290,0
DA:292,0
DA:300,0
DA:301,0
DA:303,0
DA:304,0
DA:306,0
DA:307,0
DA:308,0
DA:309,0
DA:311,0
DA:316,0
DA:324,0
DA:325,0
DA:328,0
DA:331,0
DA:332,0
DA:334,0
DA:337,0
DA:338,0
DA:339,0
DA:342,0
LF:79
LH:0
BRDA:101,0,0,0
BRDA:101,0,1,0
BRDA:102,1,0,0
BRDA:102,1,1,0
BRDA:106,2,0,0
BRDA:106,2,1,0
BRDA:111,3,0,0
BRDA:111,3,1,0
BRDA:111,4,0,0
BRDA:111,4,1,0
BRDA:113,5,0,0
BRDA:113,5,1,0
BRDA:116,6,0,0
BRDA:116,6,1,0
BRDA:157,7,0,0
BRDA:157,7,1,0
BRDA:161,8,0,0
BRDA:161,8,1,0
BRDA:167,9,0,0
BRDA:167,9,1,0
BRDA:171,10,0,0
BRDA:171,10,1,0
BRDA:172,11,0,0
BRDA:172,11,1,0
BRDA:176,12,0,0
BRDA:176,12,1,0
BRDA:177,13,0,0
BRDA:177,13,1,0
BRDA:180,14,0,0
BRDA:180,14,1,0
BRDA:182,15,0,0
BRDA:182,15,1,0
BRDA:188,16,0,0
BRDA:188,16,1,0
BRDA:246,17,0,0
BRDA:246,17,1,0
BRDA:246,18,0,0
BRDA:246,18,1,0
BRDA:247,19,0,0
BRDA:247,19,1,0
BRDA:248,20,0,0
BRDA:248,20,1,0
BRDA:248,21,0,0
BRDA:248,21,1,0
BRDA:253,22,0,0
BRDA:253,22,1,0
BRDA:257,23,0,0
BRDA:257,23,1,0
BRDA:257,24,0,0
BRDA:257,24,1,0
BRDA:261,25,0,0
BRDA:261,25,1,0
BRDA:261,26,0,0
BRDA:261,26,1,0
BRDA:264,27,0,0
BRDA:264,27,1,0
BRDA:269,28,0,0
BRDA:269,28,1,0
BRDA:273,29,0,0
BRDA:273,29,1,0
BRDA:273,30,0,0
BRDA:273,30,1,0
BRDA:285,31,0,0
BRDA:290,32,0,0
BRDA:290,32,1,0
BRDA:308,33,0,0
BRDA:308,33,1,0
BRDA:324,34,0,0
BRDA:324,34,1,0
BRDA:324,35,0,0
BRDA:324,35,1,0
BRDA:328,36,0,0
BRDA:328,36,1,0
BRDA:338,37,0,0
BRDA:338,37,1,0
BRF:75
BRH:0
end_of_record
TN:
SF:utils\sandboxId.js
FN:30,isValidSandboxId
FN:51,createSandboxId
FNF:2
FNH:2
FNDA:82,isValidSandboxId
FNDA:1051,createSandboxId
DA:20,1
DA:24,1
DA:31,82
DA:52,1051
DA:53,1051
LF:5
LH:5
BRDA:32,0,0,82
BRDA:32,0,1,77
BRDA:32,0,2,76
BRDA:32,0,3,75
BRF:4
BRH:4
end_of_record
